<?xml version="1.0" encoding="UTF-8"?>
<!-- Generated by org.testng.reporters.JUnitReportReporter -->
<testsuite hostname="DESKTOP-G5380CM" failures="0" tests="1" name="com.selenium.sanityTests.SingUPTest" time="1.630" errors="0" timestamp="2019-11-17T18:32:27 EST" skipped="0">
  <testcase classname="com.selenium.sanityTests.SingUPTest" name="signUpTest" time="1.630"/>
</testsuite> <!-- com.selenium.sanityTests.SingUPTest -->
