<?xml version="1.0" encoding="UTF-8"?>
<!-- Generated by org.testng.reporters.JUnitReportReporter -->
<testsuite hostname="DESKTOP-G5380CM" failures="0" tests="1" name="com.selenium.sanityTests.SingInTest" time="8.944" errors="0" timestamp="2019-11-17T17:09:41 EST" skipped="0">
  <testcase classname="com.selenium.sanityTests.SingInTest" name="signInTest" time="8.944"/>
</testsuite> <!-- com.selenium.sanityTests.SingInTest -->
